[2020-03-02T19:42:29.936] [INFO] development - { message: 'Not Found',
  name: 'NotFoundError',
  stack:
   'NotFoundError: Not Found\n    at Object.throw (/Users/mbarfoot/VHOSTS/ftl/node_modules/koa/lib/context.js:97:11)\n    at next.then (/Users/mbarfoot/VHOSTS/ftl/node_modules/koa-json-error/lib/middleware.js:52:58)\n    at process.internalTickCallback (internal/process/next_tick.js:77:7)',
  status: 404 }
[2020-03-02T19:42:29.940] [INFO] development - GET / RESPONSE: 404
[2020-03-02T19:44:45.694] [INFO] development - { message: 'Not Found',
  name: 'NotFoundError',
  stack:
   'NotFoundError: Not Found\n    at Object.throw (/Users/mbarfoot/VHOSTS/ftl/node_modules/koa/lib/context.js:97:11)\n    at next.then (/Users/mbarfoot/VHOSTS/ftl/node_modules/koa-json-error/lib/middleware.js:52:58)\n    at process.internalTickCallback (internal/process/next_tick.js:77:7)',
  status: 404 }
[2020-03-02T19:44:45.698] [INFO] development - GET / RESPONSE: 404
[2020-03-02T19:45:32.644] [INFO] development - { message: 'Not Found',
  name: 'NotFoundError',
  stack:
   'NotFoundError: Not Found\n    at Object.throw (/Users/mbarfoot/VHOSTS/ftl/node_modules/koa/lib/context.js:97:11)\n    at next.then (/Users/mbarfoot/VHOSTS/ftl/node_modules/koa-json-error/lib/middleware.js:52:58)\n    at process.internalTickCallback (internal/process/next_tick.js:77:7)',
  status: 404 }
[2020-03-02T19:45:32.647] [INFO] development - GET / RESPONSE: 404
[2020-03-02T19:45:54.836] [INFO] development - { message: 'Not Found',
  name: 'NotFoundError',
  stack:
   'NotFoundError: Not Found\n    at Object.throw (/Users/mbarfoot/VHOSTS/ftl/node_modules/koa/lib/context.js:97:11)\n    at next.then (/Users/mbarfoot/VHOSTS/ftl/node_modules/koa-json-error/lib/middleware.js:52:58)\n    at process.internalTickCallback (internal/process/next_tick.js:77:7)',
  status: 404 }
[2020-03-02T19:45:54.840] [INFO] development - GET / RESPONSE: 404
[2020-03-02T19:46:27.824] [INFO] development - { message: 'Not Found',
  name: 'NotFoundError',
  stack:
   'NotFoundError: Not Found\n    at Object.throw (/Users/mbarfoot/VHOSTS/ftl/node_modules/koa/lib/context.js:97:11)\n    at next.then (/Users/mbarfoot/VHOSTS/ftl/node_modules/koa-json-error/lib/middleware.js:52:58)\n    at process.internalTickCallback (internal/process/next_tick.js:77:7)',
  status: 404 }
[2020-03-02T19:46:27.824] [INFO] development - GET / RESPONSE: 404
[2020-03-02T19:47:34.878] [INFO] development - { message: 'Not Found',
  name: 'NotFoundError',
  stack:
   'NotFoundError: Not Found\n    at Object.throw (/Users/mbarfoot/VHOSTS/ftl/node_modules/koa/lib/context.js:97:11)\n    at next.then (/Users/mbarfoot/VHOSTS/ftl/node_modules/koa-json-error/lib/middleware.js:52:58)\n    at process.internalTickCallback (internal/process/next_tick.js:77:7)',
  status: 404 }
[2020-03-02T19:47:34.879] [INFO] development - GET / RESPONSE: 404
[2020-03-02T19:50:31.776] [INFO] development - GET / RESPONSE: 200
[2020-03-02T19:51:51.151] [INFO] development - GET / RESPONSE: 200
[2020-03-02T19:55:03.767] [INFO] development - GET / RESPONSE: 200
[2020-03-02T19:55:40.430] [INFO] development - GET / RESPONSE: 200
[2020-03-02T20:11:51.659] [INFO] development - GET / RESPONSE: 200
[2020-03-02T20:12:19.682] [INFO] development - GET / RESPONSE: 200
[2020-03-02T20:13:52.040] [INFO] development - GET / RESPONSE: 200
[2020-03-02T20:14:35.386] [INFO] development - GET / RESPONSE: 200
[2020-03-02T20:16:42.099] [INFO] development - GET / RESPONSE: 200
[2020-03-02T20:17:17.590] [INFO] development - GET / RESPONSE: 200
[2020-03-02T20:17:52.158] [INFO] development - GET / RESPONSE: 200
[2020-03-02T20:19:04.047] [INFO] development - GET / RESPONSE: 200
[2020-03-02T20:19:16.870] [INFO] development - GET / RESPONSE: 200
